[Licensing::Module] Trying to connect to existing licensing client channel...
[Licensing::IpcConnector] Connection attempt to the License Client on channel: "LicenseClient-me" failed because channel doesn't exist; code: "0x80000002"
[Licensing::Module] Successfully launched the LicensingClient (PId: 49220)
Starting IPC server.
Waiting for clients to connect on \\.\pipe\Unity-LicenseClient-me, press Ctrl-C to exit.
[Licensing::IpcConnector] Successfully connected to the License Client on channel: "LicenseClient-me" at "2025-07-30T12:48:48.7014204Z"
[Licensing::Client] Error: Code 10 while verifying Licensing Client signature (process Id: 49220, path: "C:/Program Files/Unity/Hub/Editor/2023.2.20f1/Editor/Data/Resources/Licensing/Client/Unity.Licensing.Client.exe")
[Licensing::Module] Error: LicensingClient has failed validation; ignoring
[Licensing::Client] Handshaking with LicensingClient:
  Version:                 1.15.4+eee609c
  Session Id:              9f4ab7f481c8428884ffa8ede617f553
  Correlation Id:          b6447c07f8d8c5109c31015fb952d392
  External correlation Id: 151539041417296576
  Machine Id:              fw9NS9oOv+gVm0W/XOWIT1jtXq8=
[Licensing::Module] Successfully connected to LicensingClient on channel: "LicenseClient-me" (connect: 0.56s, validation: 0.04s, handshake: 0.02s)
[Licensing::IpcConnector] Successfully connected to the License Notification on channel: "LicenseClient-me-notifications" at "2025-07-30T12:48:48.7624348Z"
[Licensing::Module] Connected to LicensingClient (PId: 49220, launch time: 0.00, total connection time: 0.62s)
[Licensing::Module] Error: Access token is unavailable; failed to update
[Licensing::Client] Successfully updated license
Built from '2023.2/staging' branch; Version is '2023.2.20f1 (0e25a174756c) revision 927137'; Using compiler version '193431935'; Build Type 'Release'
OS: 'Windows 10  (10.0.19045) 64bit Professional' Language: 'en' Physical Memory: 65444 MB
[Licensing::Client] Successfully resolved entitlements
[Licensing::Module] Serial number assigned to: "F4-Z43B-MXRR-JRKJ-G65K-XXXX"
BatchMode: 1, IsHumanControllingUs: 0, StartBugReporterOnCrash: 0, Is64bit: 1, IsPro: 0

COMMAND LINE ARGUMENTS:
C:\Program Files\Unity\Hub\Editor\2023.2.20f1\Editor\Unity.exe
-batchmode
-nographics
-noHub
-ignoreCompilerErrors
-silent-crashes
-quit
-projectPath
C:\Users\me\MapleUnity
-executeMethod
DebugAttachmentData.DebugData
-logFile
C:\Users\me\MapleUnity\debug-attachment-data.log
Successfully changed project path to: C:\Users\me\MapleUnity
C:/Users/me/MapleUnity
[UnityMemory] Configuration Parameters - Can be set up in boot.config
    "memorysetup-bucket-allocator-granularity=16"
    "memorysetup-bucket-allocator-bucket-count=8"
    "memorysetup-bucket-allocator-block-size=33554432"
    "memorysetup-bucket-allocator-block-count=8"
    "memorysetup-main-allocator-block-size=16777216"
    "memorysetup-thread-allocator-block-size=16777216"
    "memorysetup-gfx-main-allocator-block-size=16777216"
    "memorysetup-gfx-thread-allocator-block-size=16777216"
    "memorysetup-cache-allocator-block-size=4194304"
    "memorysetup-typetree-allocator-block-size=2097152"
    "memorysetup-profiler-bucket-allocator-granularity=16"
    "memorysetup-profiler-bucket-allocator-bucket-count=8"
    "memorysetup-profiler-bucket-allocator-block-size=33554432"
    "memorysetup-profiler-bucket-allocator-block-count=8"
    "memorysetup-profiler-allocator-block-size=16777216"
    "memorysetup-profiler-editor-allocator-block-size=1048576"
    "memorysetup-temp-allocator-size-main=16777216"
    "memorysetup-job-temp-allocator-block-size=2097152"
    "memorysetup-job-temp-allocator-block-size-background=1048576"
    "memorysetup-job-temp-allocator-reduction-small-platforms=262144"
    "memorysetup-allocator-temp-initial-block-size-main=262144"
    "memorysetup-allocator-temp-initial-block-size-worker=262144"
    "memorysetup-temp-allocator-size-background-worker=32768"
    "memorysetup-temp-allocator-size-job-worker=262144"
    "memorysetup-temp-allocator-size-preload-manager=33554432"
    "memorysetup-temp-allocator-size-nav-mesh-worker=65536"
    "memorysetup-temp-allocator-size-audio-worker=65536"
    "memorysetup-temp-allocator-size-cloud-worker=32768"
    "memorysetup-temp-allocator-size-gi-baking-worker=262144"
    "memorysetup-temp-allocator-size-gi-baking-worker=262144"
    "memorysetup-temp-allocator-size-gi-baking-worker=262144"
    "memorysetup-temp-allocator-size-gi-baking-worker=262144"
    "memorysetup-temp-allocator-size-gfx=262144"
Player connection [79480] Host "[IP] 192.168.1.190 [Port] 55504 [Flags] 2 [Guid] 4057646337 [EditorId] 4057646337 [Version] 1048832 [Id] WindowsEditor(7,DESKTOP-8EKS4JU) [Debug] 1 [PackageName] WindowsEditor [ProjectName] Editor" joined multi-casting on [225.0.0.222:54997]...
Player connection [79480] Host "[IP] 192.168.1.190 [Port] 55504 [Flags] 2 [Guid] 4057646337 [EditorId] 4057646337 [Version] 1048832 [Id] WindowsEditor(7,DESKTOP-8EKS4JU) [Debug] 1 [PackageName] WindowsEditor [ProjectName] Editor" joined alternative multi-casting on [225.0.0.222:34997]...
[Physics::Module] Initialized MultithreadedJobDispatcher with 31 workers.
[Package Manager] Connected to IPC stream "Upm-71452" after 0.3 seconds.
Library Redirect Path: Library/
[Licensing::Client] Successfully resolved entitlements
[Package Manager] Restoring resolved packages state from cache
[Licensing::Client] Successfully resolved entitlement details
[Package Manager] Registered 46 packages:
  Packages from [https://packages.unity.com]:
    com.unity.collab-proxy@2.3.1 (location: C:\Users\me\MapleUnity\Library\PackageCache\com.unity.collab-proxy@2.3.1)
    com.unity.timeline@1.8.6 (location: C:\Users\me\MapleUnity\Library\PackageCache\com.unity.timeline@1.8.6)
    com.unity.visualscripting@1.8.0 (location: C:\Users\me\MapleUnity\Library\PackageCache\com.unity.visualscripting@1.8.0)
    com.unity.ext.nunit@2.0.5 (location: C:\Users\me\MapleUnity\Library\PackageCache\com.unity.ext.nunit@2.0.5)
    com.unity.ide.visualstudio@2.0.22 (location: C:\Users\me\MapleUnity\Library\PackageCache\com.unity.ide.visualstudio@2.0.22)
    com.unity.ide.rider@3.0.28 (location: C:\Users\me\MapleUnity\Library\PackageCache\com.unity.ide.rider@3.0.28)
    com.unity.editorcoroutines@1.0.0 (location: C:\Users\me\MapleUnity\Library\PackageCache\com.unity.editorcoroutines@1.0.0)
    com.unity.performance.profile-analyzer@1.2.2 (location: C:\Users\me\MapleUnity\Library\PackageCache\com.unity.performance.profile-analyzer@1.2.2)
    com.unity.test-framework@1.3.9 (location: C:\Users\me\MapleUnity\Library\PackageCache\com.unity.test-framework@1.3.9)
    com.unity.testtools.codecoverage@1.2.5 (location: C:\Users\me\MapleUnity\Library\PackageCache\com.unity.testtools.codecoverage@1.2.5)
    com.unity.settings-manager@2.0.1 (location: C:\Users\me\MapleUnity\Library\PackageCache\com.unity.settings-manager@2.0.1)
  Built-in packages:
    com.unity.feature.development@1.0.2 (location: C:\Users\me\MapleUnity\Library\PackageCache\com.unity.feature.development@1.0.2)
    com.unity.ugui@2.0.0 (location: C:\Users\me\MapleUnity\Library\PackageCache\com.unity.ugui@2.0.0)
    com.unity.modules.ai@1.0.0 (location: C:\Users\me\MapleUnity\Library\PackageCache\com.unity.modules.ai@1.0.0)
    com.unity.modules.androidjni@1.0.0 (location: C:\Users\me\MapleUnity\Library\PackageCache\com.unity.modules.androidjni@1.0.0)
    com.unity.modules.animation@1.0.0 (location: C:\Users\me\MapleUnity\Library\PackageCache\com.unity.modules.animation@1.0.0)
    com.unity.modules.assetbundle@1.0.0 (location: C:\Users\me\MapleUnity\Library\PackageCache\com.unity.modules.assetbundle@1.0.0)
    com.unity.modules.audio@1.0.0 (location: C:\Users\me\MapleUnity\Library\PackageCache\com.unity.modules.audio@1.0.0)
    com.unity.modules.cloth@1.0.0 (location: C:\Users\me\MapleUnity\Library\PackageCache\com.unity.modules.cloth@1.0.0)
    com.unity.modules.director@1.0.0 (location: C:\Users\me\MapleUnity\Library\PackageCache\com.unity.modules.director@1.0.0)
    com.unity.modules.imageconversion@1.0.0 (location: C:\Users\me\MapleUnity\Library\PackageCache\com.unity.modules.imageconversion@1.0.0)
    com.unity.modules.imgui@1.0.0 (location: C:\Users\me\MapleUnity\Library\PackageCache\com.unity.modules.imgui@1.0.0)
    com.unity.modules.jsonserialize@1.0.0 (location: C:\Users\me\MapleUnity\Library\PackageCache\com.unity.modules.jsonserialize@1.0.0)
    com.unity.modules.particlesystem@1.0.0 (location: C:\Users\me\MapleUnity\Library\PackageCache\com.unity.modules.particlesystem@1.0.0)
    com.unity.modules.physics@1.0.0 (location: C:\Users\me\MapleUnity\Library\PackageCache\com.unity.modules.physics@1.0.0)
    com.unity.modules.physics2d@1.0.0 (location: C:\Users\me\MapleUnity\Library\PackageCache\com.unity.modules.physics2d@1.0.0)
    com.unity.modules.screencapture@1.0.0 (location: C:\Users\me\MapleUnity\Library\PackageCache\com.unity.modules.screencapture@1.0.0)
    com.unity.modules.terrain@1.0.0 (location: C:\Users\me\MapleUnity\Library\PackageCache\com.unity.modules.terrain@1.0.0)
    com.unity.modules.terrainphysics@1.0.0 (location: C:\Users\me\MapleUnity\Library\PackageCache\com.unity.modules.terrainphysics@1.0.0)
    com.unity.modules.tilemap@1.0.0 (location: C:\Users\me\MapleUnity\Library\PackageCache\com.unity.modules.tilemap@1.0.0)
    com.unity.modules.ui@1.0.0 (location: C:\Users\me\MapleUnity\Library\PackageCache\com.unity.modules.ui@1.0.0)
    com.unity.modules.uielements@1.0.0 (location: C:\Users\me\MapleUnity\Library\PackageCache\com.unity.modules.uielements@1.0.0)
    com.unity.modules.umbra@1.0.0 (location: C:\Users\me\MapleUnity\Library\PackageCache\com.unity.modules.umbra@1.0.0)
    com.unity.modules.unityanalytics@1.0.0 (location: C:\Users\me\MapleUnity\Library\PackageCache\com.unity.modules.unityanalytics@1.0.0)
    com.unity.modules.unitywebrequest@1.0.0 (location: C:\Users\me\MapleUnity\Library\PackageCache\com.unity.modules.unitywebrequest@1.0.0)
    com.unity.modules.unitywebrequestassetbundle@1.0.0 (location: C:\Users\me\MapleUnity\Library\PackageCache\com.unity.modules.unitywebrequestassetbundle@1.0.0)
    com.unity.modules.unitywebrequestaudio@1.0.0 (location: C:\Users\me\MapleUnity\Library\PackageCache\com.unity.modules.unitywebrequestaudio@1.0.0)
    com.unity.modules.unitywebrequesttexture@1.0.0 (location: C:\Users\me\MapleUnity\Library\PackageCache\com.unity.modules.unitywebrequesttexture@1.0.0)
    com.unity.modules.unitywebrequestwww@1.0.0 (location: C:\Users\me\MapleUnity\Library\PackageCache\com.unity.modules.unitywebrequestwww@1.0.0)
    com.unity.modules.vehicles@1.0.0 (location: C:\Users\me\MapleUnity\Library\PackageCache\com.unity.modules.vehicles@1.0.0)
    com.unity.modules.video@1.0.0 (location: C:\Users\me\MapleUnity\Library\PackageCache\com.unity.modules.video@1.0.0)
    com.unity.modules.vr@1.0.0 (location: C:\Users\me\MapleUnity\Library\PackageCache\com.unity.modules.vr@1.0.0)
    com.unity.modules.wind@1.0.0 (location: C:\Users\me\MapleUnity\Library\PackageCache\com.unity.modules.wind@1.0.0)
    com.unity.modules.xr@1.0.0 (location: C:\Users\me\MapleUnity\Library\PackageCache\com.unity.modules.xr@1.0.0)
    com.unity.modules.subsystems@1.0.0 (location: C:\Users\me\MapleUnity\Library\PackageCache\com.unity.modules.subsystems@1.0.0)
    com.unity.modules.hierarchycore@1.0.0 (location: C:\Users\me\MapleUnity\Library\PackageCache\com.unity.modules.hierarchycore@1.0.0)
[Subsystems] No new subsystems found in resolved package list.
Package Manager log level set to [2]
[Package Manager] Done registering packages in 0.06 seconds
Refreshing native plugins compatible for Editor in 1.41 ms, found 5 plugins.
Preloading 0 native plugins for Editor in 0.00 ms.
Initialize engine version: 2023.2.20f1 (0e25a174756c)
[Subsystems] Discovering subsystems at path C:/Program Files/Unity/Hub/Editor/2023.2.20f1/Editor/Data/Resources/UnitySubsystems
[Subsystems] Discovering subsystems at path C:/Users/me/MapleUnity/Assets
Forcing GfxDevice: Null
GfxDevice: creating device client; kGfxThreadingModeNonThreaded
NullGfxDevice:
    Version:  NULL 1.0 [1.0]
    Renderer: Null Device
    Vendor:   Unity Technologies
[Licensing::Client] Successfully resolved entitlements
Initialize mono
Mono path[0] = 'C:/Program Files/Unity/Hub/Editor/2023.2.20f1/Editor/Data/Managed'
Mono path[1] = 'C:/Program Files/Unity/Hub/Editor/2023.2.20f1/Editor/Data/MonoBleedingEdge/lib/mono/unityjit-win32'
Mono config path = 'C:/Program Files/Unity/Hub/Editor/2023.2.20f1/Editor/Data/MonoBleedingEdge/etc'
Using monoOptions --debugger-agent=transport=dt_socket,embedding=1,server=y,suspend=n,address=127.0.0.1:56452
Using cacheserver namespaces - metadata:defaultmetadata, artifacts:defaultartifacts
Using cacheserver namespaces - metadata:defaultmetadata, artifacts:defaultartifacts
ImportWorker Server TCP listen port: 0
AcceleratorClientConnectionCallback - disconnected - :0
Begin MonoManager ReloadAssembly
Registering precompiled unity dll's ...
Register platform support module: C:/Program Files/Unity/Hub/Editor/2023.2.20f1/Editor/Data/PlaybackEngines/WindowsStandaloneSupport/UnityEditor.WindowsStandalone.Extensions.dll
Registered in 0.002602 seconds.
- Loaded All Assemblies, in  0.330 seconds
Native extension for WindowsStandalone target not found
Mono: successfully reloaded assembly
- Finished resetting the current domain, in  0.247 seconds
Domain Reload Profiling: 576ms
	BeginReloadAssembly (121ms)
		ExecutionOrderSort (0ms)
		DisableScriptedObjects (0ms)
		BackupInstance (0ms)
		ReleaseScriptingObjects (0ms)
		CreateAndSetChildDomain (1ms)
	RebuildCommonClasses (33ms)
	RebuildNativeTypeToScriptingClass (10ms)
	initialDomainReloadingComplete (42ms)
	LoadAllAssembliesAndSetupDomain (122ms)
		LoadAssemblies (119ms)
		RebuildTransferFunctionScriptingTraits (0ms)
		AnalyzeDomain (120ms)
			TypeCache.Refresh (118ms)
				TypeCache.ScanAssembly (108ms)
			BuildScriptInfoCaches (0ms)
			ResolveRequiredComponents (0ms)
	FinalizeReload (248ms)
		ReleaseScriptCaches (0ms)
		RebuildScriptCaches (0ms)
		SetupLoadedEditorAssemblies (209ms)
			LogAssemblyErrors (0ms)
			InitializePlatformSupportModulesInManaged (7ms)
			SetLoadedEditorAssemblies (4ms)
			BeforeProcessingInitializeOnLoad (5ms)
			ProcessInitializeOnLoadAttributes (149ms)
			ProcessInitializeOnLoadMethodAttributes (44ms)
			AfterProcessingInitializeOnLoad (0ms)
			EditorAssembliesLoaded (0ms)
		ExecutionOrderSort2 (0ms)
		AwakeInstancesAfterBackupRestoration (0ms)
[Licensing::Client] Successfully resolved entitlements
Application.AssetDatabase Initial Refresh Start
The GUID inside 'Assets/Scripts/Editor/CharacterRenderingTest.cs.meta' cannot be extracted by the YAML Parser. Attempting to extract it via string matching instead. Please verify the file does not contain unexpected data.
The GUID inside 'Assets/Scripts/Editor/CharacterRenderingAnalysisTest.cs.meta' cannot be extracted by the YAML Parser. Attempting to extract it via string matching instead. Please verify the file does not contain unexpected data.
The GUID inside 'Assets/Plugins/lz4_64.dll.meta' cannot be extracted by the YAML Parser. Attempting to extract it via string matching instead. Please verify the file does not contain unexpected data.
The GUID inside 'Assets/Plugins/lz4_32.dll.meta' cannot be extracted by the YAML Parser. Attempting to extract it via string matching instead. Please verify the file does not contain unexpected data.
The GUID inside 'Assets/Scripts/Editor/SimpleRenderingTest.cs.meta' cannot be extracted by the YAML Parser. Attempting to extract it via string matching instead. Please verify the file does not contain unexpected data.
The GUID inside 'Assets/Scripts/Editor/VerySimpleTest.cs.meta' cannot be extracted by the YAML Parser. Attempting to extract it via string matching instead. Please verify the file does not contain unexpected data.
The GUID inside 'Assets/Scripts/GameLogic/Tests/Core/MaplePhysicsConverterTests.cs.meta' cannot be extracted by the YAML Parser. Attempting to extract it via string matching instead. Please verify the file does not contain unexpected data.
The GUID inside 'Assets/Scripts/GameLogic/Tests/Core/FootholdServiceTests.cs.meta' cannot be extracted by the YAML Parser. Attempting to extract it via string matching instead. Please verify the file does not contain unexpected data.
The .meta file Assets/Plugins/lz4_32.dll.meta does not have a valid GUID and its corresponding Asset file will be ignored. If this file is not malformed, please add a GUID, or delete the .meta file and it will be recreated correctly
The .meta file Assets/Plugins/lz4_64.dll.meta does not have a valid GUID and its corresponding Asset file will be ignored. If this file is not malformed, please add a GUID, or delete the .meta file and it will be recreated correctly
The .meta file Assets/Scripts/Editor/CharacterRenderingAnalysisTest.cs.meta does not have a valid GUID and its corresponding Asset file will be ignored. If this file is not malformed, please add a GUID, or delete the .meta file and it will be recreated correctly
The .meta file Assets/Scripts/Editor/CharacterRenderingTest.cs.meta does not have a valid GUID and its corresponding Asset file will be ignored. If this file is not malformed, please add a GUID, or delete the .meta file and it will be recreated correctly
The .meta file Assets/Scripts/Editor/SimpleRenderingTest.cs.meta does not have a valid GUID and its corresponding Asset file will be ignored. If this file is not malformed, please add a GUID, or delete the .meta file and it will be recreated correctly
The .meta file Assets/Scripts/Editor/VerySimpleTest.cs.meta does not have a valid GUID and its corresponding Asset file will be ignored. If this file is not malformed, please add a GUID, or delete the .meta file and it will be recreated correctly
The .meta file Assets/Scripts/GameLogic/Tests/Core/FootholdServiceTests.cs.meta does not have a valid GUID and its corresponding Asset file will be ignored. If this file is not malformed, please add a GUID, or delete the .meta file and it will be recreated correctly
The .meta file Assets/Scripts/GameLogic/Tests/Core/MaplePhysicsConverterTests.cs.meta does not have a valid GUID and its corresponding Asset file will be ignored. If this file is not malformed, please add a GUID, or delete the .meta file and it will be recreated correctly
[ScriptCompilation] Requested script compilation because: Assetdatabase observed changes in script compilation related files
info: Microsoft.Hosting.Lifetime[14]
      Now listening on: http://localhost:80
info: Microsoft.Hosting.Lifetime[0]
      Application started. Press Ctrl+C to shut down.
info: Microsoft.Hosting.Lifetime[0]
      Hosting environment: Production
info: Microsoft.Hosting.Lifetime[0]
      Content root path: C:\Users\me\MapleUnity\
info: Microsoft.AspNetCore.Hosting.Diagnostics[1]
      Request starting HTTP/2 POST http://ilpp/UnityILPP.PostProcessing/Ping application/grpc -
info: Microsoft.AspNetCore.Routing.EndpointMiddleware[0]
      Executing endpoint 'gRPC - /UnityILPP.PostProcessing/Ping'
info: Microsoft.AspNetCore.Routing.EndpointMiddleware[1]
      Executed endpoint 'gRPC - /UnityILPP.PostProcessing/Ping'
info: Microsoft.AspNetCore.Hosting.Diagnostics[2]
      Request finished HTTP/2 POST http://ilpp/UnityILPP.PostProcessing/Ping application/grpc - - 200 - application/grpc 33.9472ms
Starting: C:\Program Files\Unity\Hub\Editor\2023.2.20f1\Editor\Data\bee_backend.exe --dont-print-to-structured-log --ipc --defer-dag-verification --dagfile="Library/Bee/1900b0aE.dag" --continue-on-failure --profile="Library/Bee/backend1.traceevents" ScriptAssemblies
WorkingDir: C:/Users/me/MapleUnity
DisplayProgressbar: Compiling Scripts
Starting: C:\Program Files\Unity\Hub\Editor\2023.2.20f1\Editor\Data\Tools\netcorerun\netcorerun.exe "C:\Program Files\Unity\Hub\Editor\2023.2.20f1\Editor\Data\Tools\BuildPipeline\ScriptCompilationBuildProgram.exe" "Library/Bee/1900b0aE.dag.json" "Library/Bee/1900b0aE-inputdata.json" "Library\Bee\buildprogram0.traceevents"
WorkingDir: C:/Users/me/MapleUnity
ExitCode: 4 Duration: 1s249ms
Rebuilding DAG because FileSignature timestamp changed: Library/Bee/1900b0aE-inputdata.json
[407/425    1s] Csc Library/Bee/artifacts/1900b0aE.dag/GameView.dll (+2 others)
Assets\Scripts\GameView\Debugging\FootholdCollisionDebugger.cs(59,31): warning CS0618: 'Object.FindObjectOfType<T>()' is obsolete: 'Object.FindObjectOfType has been deprecated. Use Object.FindFirstObjectByType instead or if finding any instance is acceptable the faster Object.FindAnyObjectByType'

Assets\Scripts\GameView\PhysicsDebugger.cs(48,31): warning CS0618: 'Object.FindObjectOfType<T>()' is obsolete: 'Object.FindObjectOfType has been deprecated. Use Object.FindFirstObjectByType instead or if finding any instance is acceptable the faster Object.FindAnyObjectByType'

Assets\Scripts\GameView\SimpleCameraFollow.cs(63,31): warning CS0618: 'Object.FindObjectOfType<T>()' is obsolete: 'Object.FindObjectOfType has been deprecated. Use Object.FindFirstObjectByType instead or if finding any instance is acceptable the faster Object.FindAnyObjectByType'

Assets\Scripts\GameView\SimpleCameraFollow.cs(85,40): warning CS0618: 'Object.FindObjectOfType<T>()' is obsolete: 'Object.FindObjectOfType has been deprecated. Use Object.FindFirstObjectByType instead or if finding any instance is acceptable the faster Object.FindAnyObjectByType'

Assets\Scripts\GameView\MovementStateUI.cs(41,31): warning CS0618: 'Object.FindObjectOfType<T>()' is obsolete: 'Object.FindObjectOfType has been deprecated. Use Object.FindFirstObjectByType instead or if finding any instance is acceptable the faster Object.FindAnyObjectByType'

Assets\Scripts\GameView\InputPromptManager.cs(40,31): warning CS0618: 'Object.FindObjectOfType<T>()' is obsolete: 'Object.FindObjectOfType has been deprecated. Use Object.FindFirstObjectByType instead or if finding any instance is acceptable the faster Object.FindAnyObjectByType'

Assets\Scripts\GameView\SimpleCameraFollow.cs(124,40): warning CS0618: 'Object.FindObjectOfType<T>()' is obsolete: 'Object.FindObjectOfType has been deprecated. Use Object.FindFirstObjectByType instead or if finding any instance is acceptable the faster Object.FindAnyObjectByType'

Assets\Scripts\GameView\UI\SkillBar.cs(24,27): warning CS0618: 'Object.FindObjectOfType<T>()' is obsolete: 'Object.FindObjectOfType has been deprecated. Use Object.FindFirstObjectByType instead or if finding any instance is acceptable the faster Object.FindAnyObjectByType'

Assets\Scripts\GameView\PhysicsConfiguration.cs(32,13): warning CS0618: 'Physics.autoSimulation' is obsolete: 'Physics.autoSimulation has been replaced by Physics.simulationMode'

Assets\Scripts\GameView\PlayerView.cs(88,31): warning CS0618: 'Object.FindObjectOfType<T>()' is obsolete: 'Object.FindObjectOfType has been deprecated. Use Object.FindFirstObjectByType instead or if finding any instance is acceptable the faster Object.FindAnyObjectByType'

Assets\Scripts\GameView\MonsterView.cs(71,31): warning CS0618: 'Object.FindObjectOfType<T>()' is obsolete: 'Object.FindObjectOfType has been deprecated. Use Object.FindFirstObjectByType instead or if finding any instance is acceptable the faster Object.FindAnyObjectByType'

Assets\Scripts\GameView\UI\SkillBar.cs(311,31): warning CS0618: 'Object.FindObjectOfType<T>()' is obsolete: 'Object.FindObjectOfType has been deprecated. Use Object.FindFirstObjectByType instead or if finding any instance is acceptable the faster Object.FindAnyObjectByType'

Assets\Scripts\GameView\UI\SkillBar.cs(325,31): warning CS0618: 'Object.FindObjectOfType<T>()' is obsolete: 'Object.FindObjectOfType has been deprecated. Use Object.FindFirstObjectByType instead or if finding any instance is acceptable the faster Object.FindAnyObjectByType'

Assets\Scripts\GameView\UI\MapleUI.cs(52,29): warning CS0618: 'Object.FindObjectOfType<T>()' is obsolete: 'Object.FindObjectOfType has been deprecated. Use Object.FindFirstObjectByType instead or if finding any instance is acceptable the faster Object.FindAnyObjectByType'

Assets\Scripts\GameView\Debugging\FootholdDebugVisualizer.cs(53,35): warning CS0618: 'Object.FindObjectOfType<T>()' is obsolete: 'Object.FindObjectOfType has been deprecated. Use Object.FindFirstObjectByType instead or if finding any instance is acceptable the faster Object.FindAnyObjectByType'

Assets\Scripts\GameView\UI\StatusBar.cs(31,31): warning CS0618: 'Object.FindObjectOfType<T>()' is obsolete: 'Object.FindObjectOfType has been deprecated. Use Object.FindFirstObjectByType instead or if finding any instance is acceptable the faster Object.FindAnyObjectByType'

Assets\Scripts\GameView\UI\SkillMenu.cs(26,31): warning CS0618: 'Object.FindObjectOfType<T>()' is obsolete: 'Object.FindObjectOfType has been deprecated. Use Object.FindFirstObjectByType instead or if finding any instance is acceptable the faster Object.FindAnyObjectByType'

Assets\Scripts\GameView\UI\ExperienceBar.cs(26,31): warning CS0618: 'Object.FindObjectOfType<T>()' is obsolete: 'Object.FindObjectOfType has been deprecated. Use Object.FindFirstObjectByType instead or if finding any instance is acceptable the faster Object.FindAnyObjectByType'

Assets\Scripts\GameView\UI\InventoryView.cs(31,31): warning CS0618: 'Object.FindObjectOfType<T>()' is obsolete: 'Object.FindObjectOfType has been deprecated. Use Object.FindFirstObjectByType instead or if finding any instance is acceptable the faster Object.FindAnyObjectByType'

Assets\Scripts\GameView\RuntimeCollisionTest.cs(95,17): warning CS0219: The variable 'footholdLogCount' is assigned but its value is never used

Assets\Scripts\GameView\RuntimeCollisionTest.cs(96,20): warning CS0219: The variable 'consoleOutput' is assigned but its value is never used

Assets\Scripts\GameView\GameManager.cs(432,29): warning CS0618: 'Object.FindObjectOfType<T>()' is obsolete: 'Object.FindObjectOfType has been deprecated. Use Object.FindFirstObjectByType instead or if finding any instance is acceptable the faster Object.FindAnyObjectByType'

Assets\Scripts\GameView\InputPromptManager.cs(16,23): warning CS0414: The field 'InputPromptManager.promptFadeSpeed' is assigned but its value is never used
*** Tundra requires additional run (1.22 seconds), 1 items updated, 406 evaluated
ExitCode: 0 Duration: 0s292ms
Starting: C:\Program Files\Unity\Hub\Editor\2023.2.20f1\Editor\Data\bee_backend.exe --dont-print-to-structured-log --ipc --defer-dag-verification --dagfile="Library/Bee/1900b0aE.dag" --continue-on-failure --dagfilejson="Library\Bee\1900b0aE.dag.json" --profile="Library/Bee/backend2.traceevents" ScriptAssemblies
WorkingDir: C:/Users/me/MapleUnity
ExitCode: 0 Duration: 1s248ms
Finished compiling graph: 428 nodes, 5762 flattened edges (5220 ToBuild, 70 ToUse), maximum node priority 301
[262/425    0s] WriteText Library/Bee/artifacts/1900b0aE.dag/Editor.rsp
[394/425    0s] CopyFiles Library/ScriptAssemblies/GameView.pdb
[395/425    0s] CopyFiles Library/ScriptAssemblies/GameView.dll
[419/425    0s] Csc Library/Bee/artifacts/1900b0aE.dag/Editor.dll (+2 others)
Assets\Scripts\Editor\CameraTargetDiagnostic.cs(84,30): warning CS0618: 'Object.FindObjectsOfType<T>()' is obsolete: 'Object.FindObjectsOfType has been deprecated. Use Object.FindObjectsByType instead which lets you decide whether you need the results sorted or not.  FindObjectsOfType sorts the results by InstanceID but if you do not need this using FindObjectSortMode.None is considerably faster.'

Assets\Scripts\Editor\BatchModeCollisionTest.cs(60,37): warning CS0618: 'Object.FindObjectOfType<T>()' is obsolete: 'Object.FindObjectOfType has been deprecated. Use Object.FindFirstObjectByType instead or if finding any instance is acceptable the faster Object.FindAnyObjectByType'

Assets\Scripts\Editor\BatchModeCollisionTest.cs(76,31): warning CS0618: 'Object.FindObjectOfType<T>()' is obsolete: 'Object.FindObjectOfType has been deprecated. Use Object.FindFirstObjectByType instead or if finding any instance is acceptable the faster Object.FindAnyObjectByType'

Assets\Scripts\Editor\GenerateAndTestCollision.cs(133,31): warning CS0618: 'Object.FindObjectOfType<T>()' is obsolete: 'Object.FindObjectOfType has been deprecated. Use Object.FindFirstObjectByType instead or if finding any instance is acceptable the faster Object.FindAnyObjectByType'

Assets\Scripts\Editor\SceneSetup.cs(61,25): warning CS0618: 'Object.FindObjectOfType<T>()' is obsolete: 'Object.FindObjectOfType has been deprecated. Use Object.FindFirstObjectByType instead or if finding any instance is acceptable the faster Object.FindAnyObjectByType'

Assets\Scripts\Editor\SceneSetup.cs(73,13): warning CS0618: 'Object.FindObjectOfType<T>()' is obsolete: 'Object.FindObjectOfType has been deprecated. Use Object.FindFirstObjectByType instead or if finding any instance is acceptable the faster Object.FindAnyObjectByType'

Assets\Scripts\Editor\InvestigateFootholdFlow.cs(104,39): warning CS0618: 'Object.FindObjectsOfType<T>()' is obsolete: 'Object.FindObjectsOfType has been deprecated. Use Object.FindObjectsByType instead which lets you decide whether you need the results sorted or not.  FindObjectsOfType sorts the results by InstanceID but if you do not need this using FindObjectSortMode.None is considerably faster.'

Assets\Scripts\Editor\Find12345678Source.cs(45,35): warning CS0618: 'Object.FindObjectsOfType<T>()' is obsolete: 'Object.FindObjectsOfType has been deprecated. Use Object.FindObjectsByType instead which lets you decide whether you need the results sorted or not.  FindObjectsOfType sorts the results by InstanceID but if you do not need this using FindObjectSortMode.None is considerably faster.'

Assets\Scripts\Editor\Find12345678Source.cs(73,29): warning CS0618: 'Object.FindObjectsOfType<T>()' is obsolete: 'Object.FindObjectsOfType has been deprecated. Use Object.FindObjectsByType instead which lets you decide whether you need the results sorted or not.  FindObjectsOfType sorts the results by InstanceID but if you do not need this using FindObjectSortMode.None is considerably faster.'

Assets\Scripts\Editor\TestFootholdVisualizerFix.cs(45,42): warning CS0618: 'Object.FindObjectsOfType<T>()' is obsolete: 'Object.FindObjectsOfType has been deprecated. Use Object.FindObjectsByType instead which lets you decide whether you need the results sorted or not.  FindObjectsOfType sorts the results by InstanceID but if you do not need this using FindObjectSortMode.None is considerably faster.'

Assets\Scripts\Editor\TestFootholdVisualizerFix.cs(50,17): warning CS0219: The variable 'count' is assigned but its value is never used

Assets\Scripts\Editor\InspectRemainingIssues.cs(56,25): warning CS0618: 'Object.FindObjectsOfType<T>()' is obsolete: 'Object.FindObjectsOfType has been deprecated. Use Object.FindObjectsByType instead which lets you decide whether you need the results sorted or not.  FindObjectsOfType sorts the results by InstanceID but if you do not need this using FindObjectSortMode.None is considerably faster.'

Assets\Scripts\Editor\RenderingDebugWindow.cs(84,29): warning CS0618: 'Object.FindObjectsOfType<T>()' is obsolete: 'Object.FindObjectsOfType has been deprecated. Use Object.FindObjectsByType instead which lets you decide whether you need the results sorted or not.  FindObjectsOfType sorts the results by InstanceID but if you do not need this using FindObjectSortMode.None is considerably faster.'

Assets\Scripts\Editor\InspectRemainingIssues.cs(85,25): warning CS0618: 'Object.FindObjectsOfType<T>()' is obsolete: 'Object.FindObjectsOfType has been deprecated. Use Object.FindObjectsByType instead which lets you decide whether you need the results sorted or not.  FindObjectsOfType sorts the results by InstanceID but if you do not need this using FindObjectSortMode.None is considerably faster.'

Assets\Scripts\Editor\InspectRemainingIssues.cs(121,25): warning CS0618: 'Object.FindObjectsOfType<T>()' is obsolete: 'Object.FindObjectsOfType has been deprecated. Use Object.FindObjectsByType instead which lets you decide whether you need the results sorted or not.  FindObjectsOfType sorts the results by InstanceID but if you do not need this using FindObjectSortMode.None is considerably faster.'

Assets\Scripts\Editor\InspectRemainingIssues.cs(147,25): warning CS0618: 'Object.FindObjectsOfType<T>()' is obsolete: 'Object.FindObjectsOfType has been deprecated. Use Object.FindObjectsByType instead which lets you decide whether you need the results sorted or not.  FindObjectsOfType sorts the results by InstanceID but if you do not need this using FindObjectSortMode.None is considerably faster.'

Assets\Scripts\Editor\InspectRemainingIssues.cs(191,28): warning CS0618: 'Object.FindObjectsOfType<T>()' is obsolete: 'Object.FindObjectsOfType has been deprecated. Use Object.FindObjectsByType instead which lets you decide whether you need the results sorted or not.  FindObjectsOfType sorts the results by InstanceID but if you do not need this using FindObjectSortMode.None is considerably faster.'

Assets\Scripts\Editor\InspectRemainingIssues.cs(221,25): warning CS0618: 'Object.FindObjectsOfType<T>()' is obsolete: 'Object.FindObjectsOfType has been deprecated. Use Object.FindObjectsByType instead which lets you decide whether you need the results sorted or not.  FindObjectsOfType sorts the results by InstanceID but if you do not need this using FindObjectSortMode.None is considerably faster.'

Assets\Scripts\Editor\ProperBatchCollisionTest.cs(12,24): warning CS0414: The field 'ProperBatchCollisionTest.exitCode' is assigned but its value is never used

Assets\Scripts\Editor\TestHenesysScene.cs(11,26): warning CS0414: The field 'TestHenesysScene.testDuration' is assigned but its value is never used
[420/425    0s] CopyFiles Library/ScriptAssemblies/Editor.pdb
[421/425    0s] Csc Library/Bee/artifacts/1900b0aE.dag/Assembly-CSharp.dll (+2 others)
Assets\Scripts\CharacterRenderingDebugger.cs(37,24): warning CS0618: 'Object.FindObjectOfType<T>()' is obsolete: 'Object.FindObjectOfType has been deprecated. Use Object.FindFirstObjectByType instead or if finding any instance is acceptable the faster Object.FindAnyObjectByType'

Assets\Scripts\CharacterRenderingDebugger.cs(121,26): warning CS0618: 'Object.FindObjectOfType<T>()' is obsolete: 'Object.FindObjectOfType has been deprecated. Use Object.FindFirstObjectByType instead or if finding any instance is acceptable the faster Object.FindAnyObjectByType'

Assets\Scripts\CharacterRenderingAnalyzer.cs(37,30): warning CS0618: 'Object.FindObjectOfType<T>()' is obsolete: 'Object.FindObjectOfType has been deprecated. Use Object.FindFirstObjectByType instead or if finding any instance is acceptable the faster Object.FindAnyObjectByType'
[422/425    0s] CopyFiles Library/ScriptAssemblies/Assembly-CSharp.pdb
[423/425    0s] CopyFiles Library/ScriptAssemblies/Assembly-CSharp.dll
[424/425    0s] CopyFiles Library/ScriptAssemblies/Editor.dll
*** Tundra build success (1.23 seconds), 9 items updated, 425 evaluated
Assets\Scripts\Editor\CameraTargetDiagnostic.cs(84,30): warning CS0618: 'Object.FindObjectsOfType<T>()' is obsolete: 'Object.FindObjectsOfType has been deprecated. Use Object.FindObjectsByType instead which lets you decide whether you need the results sorted or not.  FindObjectsOfType sorts the results by InstanceID but if you do not need this using FindObjectSortMode.None is considerably faster.'
Assets\Scripts\Editor\BatchModeCollisionTest.cs(60,37): warning CS0618: 'Object.FindObjectOfType<T>()' is obsolete: 'Object.FindObjectOfType has been deprecated. Use Object.FindFirstObjectByType instead or if finding any instance is acceptable the faster Object.FindAnyObjectByType'
Assets\Scripts\Editor\BatchModeCollisionTest.cs(76,31): warning CS0618: 'Object.FindObjectOfType<T>()' is obsolete: 'Object.FindObjectOfType has been deprecated. Use Object.FindFirstObjectByType instead or if finding any instance is acceptable the faster Object.FindAnyObjectByType'
Assets\Scripts\Editor\GenerateAndTestCollision.cs(133,31): warning CS0618: 'Object.FindObjectOfType<T>()' is obsolete: 'Object.FindObjectOfType has been deprecated. Use Object.FindFirstObjectByType instead or if finding any instance is acceptable the faster Object.FindAnyObjectByType'
Assets\Scripts\Editor\SceneSetup.cs(61,25): warning CS0618: 'Object.FindObjectOfType<T>()' is obsolete: 'Object.FindObjectOfType has been deprecated. Use Object.FindFirstObjectByType instead or if finding any instance is acceptable the faster Object.FindAnyObjectByType'
Assets\Scripts\Editor\SceneSetup.cs(73,13): warning CS0618: 'Object.FindObjectOfType<T>()' is obsolete: 'Object.FindObjectOfType has been deprecated. Use Object.FindFirstObjectByType instead or if finding any instance is acceptable the faster Object.FindAnyObjectByType'
Assets\Scripts\Editor\InvestigateFootholdFlow.cs(104,39): warning CS0618: 'Object.FindObjectsOfType<T>()' is obsolete: 'Object.FindObjectsOfType has been deprecated. Use Object.FindObjectsByType instead which lets you decide whether you need the results sorted or not.  FindObjectsOfType sorts the results by InstanceID but if you do not need this using FindObjectSortMode.None is considerably faster.'
Assets\Scripts\Editor\Find12345678Source.cs(45,35): warning CS0618: 'Object.FindObjectsOfType<T>()' is obsolete: 'Object.FindObjectsOfType has been deprecated. Use Object.FindObjectsByType instead which lets you decide whether you need the results sorted or not.  FindObjectsOfType sorts the results by InstanceID but if you do not need this using FindObjectSortMode.None is considerably faster.'
Assets\Scripts\Editor\Find12345678Source.cs(73,29): warning CS0618: 'Object.FindObjectsOfType<T>()' is obsolete: 'Object.FindObjectsOfType has been deprecated. Use Object.FindObjectsByType instead which lets you decide whether you need the results sorted or not.  FindObjectsOfType sorts the results by InstanceID but if you do not need this using FindObjectSortMode.None is considerably faster.'
Assets\Scripts\Editor\TestFootholdVisualizerFix.cs(45,42): warning CS0618: 'Object.FindObjectsOfType<T>()' is obsolete: 'Object.FindObjectsOfType has been deprecated. Use Object.FindObjectsByType instead which lets you decide whether you need the results sorted or not.  FindObjectsOfType sorts the results by InstanceID but if you do not need this using FindObjectSortMode.None is considerably faster.'
Assets\Scripts\Editor\TestFootholdVisualizerFix.cs(50,17): warning CS0219: The variable 'count' is assigned but its value is never used
Assets\Scripts\Editor\InspectRemainingIssues.cs(56,25): warning CS0618: 'Object.FindObjectsOfType<T>()' is obsolete: 'Object.FindObjectsOfType has been deprecated. Use Object.FindObjectsByType instead which lets you decide whether you need the results sorted or not.  FindObjectsOfType sorts the results by InstanceID but if you do not need this using FindObjectSortMode.None is considerably faster.'
Assets\Scripts\Editor\RenderingDebugWindow.cs(84,29): warning CS0618: 'Object.FindObjectsOfType<T>()' is obsolete: 'Object.FindObjectsOfType has been deprecated. Use Object.FindObjectsByType instead which lets you decide whether you need the results sorted or not.  FindObjectsOfType sorts the results by InstanceID but if you do not need this using FindObjectSortMode.None is considerably faster.'
Assets\Scripts\Editor\InspectRemainingIssues.cs(85,25): warning CS0618: 'Object.FindObjectsOfType<T>()' is obsolete: 'Object.FindObjectsOfType has been deprecated. Use Object.FindObjectsByType instead which lets you decide whether you need the results sorted or not.  FindObjectsOfType sorts the results by InstanceID but if you do not need this using FindObjectSortMode.None is considerably faster.'
Assets\Scripts\Editor\InspectRemainingIssues.cs(121,25): warning CS0618: 'Object.FindObjectsOfType<T>()' is obsolete: 'Object.FindObjectsOfType has been deprecated. Use Object.FindObjectsByType instead which lets you decide whether you need the results sorted or not.  FindObjectsOfType sorts the results by InstanceID but if you do not need this using FindObjectSortMode.None is considerably faster.'
Assets\Scripts\Editor\InspectRemainingIssues.cs(147,25): warning CS0618: 'Object.FindObjectsOfType<T>()' is obsolete: 'Object.FindObjectsOfType has been deprecated. Use Object.FindObjectsByType instead which lets you decide whether you need the results sorted or not.  FindObjectsOfType sorts the results by InstanceID but if you do not need this using FindObjectSortMode.None is considerably faster.'
Assets\Scripts\Editor\InspectRemainingIssues.cs(191,28): warning CS0618: 'Object.FindObjectsOfType<T>()' is obsolete: 'Object.FindObjectsOfType has been deprecated. Use Object.FindObjectsByType instead which lets you decide whether you need the results sorted or not.  FindObjectsOfType sorts the results by InstanceID but if you do not need this using FindObjectSortMode.None is considerably faster.'
Assets\Scripts\Editor\InspectRemainingIssues.cs(221,25): warning CS0618: 'Object.FindObjectsOfType<T>()' is obsolete: 'Object.FindObjectsOfType has been deprecated. Use Object.FindObjectsByType instead which lets you decide whether you need the results sorted or not.  FindObjectsOfType sorts the results by InstanceID but if you do not need this using FindObjectSortMode.None is considerably faster.'
Assets\Scripts\Editor\ProperBatchCollisionTest.cs(12,24): warning CS0414: The field 'ProperBatchCollisionTest.exitCode' is assigned but its value is never used
Assets\Scripts\Editor\TestHenesysScene.cs(11,26): warning CS0414: The field 'TestHenesysScene.testDuration' is assigned but its value is never used
Assets\Scripts\CharacterRenderingDebugger.cs(37,24): warning CS0618: 'Object.FindObjectOfType<T>()' is obsolete: 'Object.FindObjectOfType has been deprecated. Use Object.FindFirstObjectByType instead or if finding any instance is acceptable the faster Object.FindAnyObjectByType'
Assets\Scripts\CharacterRenderingDebugger.cs(121,26): warning CS0618: 'Object.FindObjectOfType<T>()' is obsolete: 'Object.FindObjectOfType has been deprecated. Use Object.FindFirstObjectByType instead or if finding any instance is acceptable the faster Object.FindAnyObjectByType'
Assets\Scripts\CharacterRenderingAnalyzer.cs(37,30): warning CS0618: 'Object.FindObjectOfType<T>()' is obsolete: 'Object.FindObjectOfType has been deprecated. Use Object.FindFirstObjectByType instead or if finding any instance is acceptable the faster Object.FindAnyObjectByType'
AssetDatabase: script compilation time: 3.150850s
Total cache size 35829696
Total cache size after purge 35829696
Begin MonoManager ReloadAssembly
Symbol file LoadedFromMemory doesn't match image C:\Users\me\MapleUnity\Library\PackageCache\com.unity.visualscripting@1.8.0\Editor\VisualScripting.Core\Dependencies\YamlDotNet\Unity.VisualScripting.YamlDotNet.dll
Symbol file LoadedFromMemory doesn't match image C:\Users\me\MapleUnity\Library\PackageCache\com.unity.visualscripting@1.8.0\Editor\VisualScripting.Core\Dependencies\DotNetZip\Unity.VisualScripting.IonicZip.dll
- Loaded All Assemblies, in  1.747 seconds
Refreshing native plugins compatible for Editor in 1.29 ms, found 5 plugins.
Native extension for WindowsStandalone target not found
Mono: successfully reloaded assembly
- Finished resetting the current domain, in  0.695 seconds
Domain Reload Profiling: 2439ms
	BeginReloadAssembly (340ms)
		ExecutionOrderSort (0ms)
		DisableScriptedObjects (11ms)
		BackupInstance (0ms)
		ReleaseScriptingObjects (0ms)
		CreateAndSetChildDomain (37ms)
	RebuildCommonClasses (28ms)
	RebuildNativeTypeToScriptingClass (10ms)
	initialDomainReloadingComplete (22ms)
	LoadAllAssembliesAndSetupDomain (1343ms)
		LoadAssemblies (1299ms)
		RebuildTransferFunctionScriptingTraits (0ms)
		AnalyzeDomain (134ms)
			TypeCache.Refresh (110ms)
				TypeCache.ScanAssembly (101ms)
			BuildScriptInfoCaches (18ms)
			ResolveRequiredComponents (4ms)
	FinalizeReload (696ms)
		ReleaseScriptCaches (0ms)
		RebuildScriptCaches (0ms)
		SetupLoadedEditorAssemblies (521ms)
			LogAssemblyErrors (0ms)
			InitializePlatformSupportModulesInManaged (5ms)
			SetLoadedEditorAssemblies (4ms)
			BeforeProcessingInitializeOnLoad (83ms)
			ProcessInitializeOnLoadAttributes (402ms)
			ProcessInitializeOnLoadMethodAttributes (21ms)
			AfterProcessingInitializeOnLoad (5ms)
			EditorAssembliesLoaded (0ms)
		ExecutionOrderSort2 (0ms)
		AwakeInstancesAfterBackupRestoration (9ms)
Refreshing native plugins compatible for Editor in 1.09 ms, found 5 plugins.
Preloading 0 native plugins for Editor in 0.00 ms.
Asset Pipeline Refresh (id=6c3b8882cf688104a81c5b8cf6baeffd): Total: 6.154 seconds - Initiated by InitialRefreshV2(ForceSynchronousImport)
	Summary:
		Imports: total=0 (actual=0, local cache=0, cache server=0)
		Asset DB Process Time: managed=0 ms, native=952 ms
		Asset DB Callback time: managed=212 ms, native=4 ms
		Scripting: domain reloads=1, domain reload time=1791 ms, compile time=3153 ms, other=40 ms
		Project Asset Count: scripts=654, non-scripts=576
		Asset File Changes: new=2, changed=3, moved=0, deleted=0
		Scan Filter Count: 0
	InvokeCustomDependenciesCallbacks: 0.001ms
	InvokePackagesCallback: 1.260ms
	ApplyChangesToAssetFolders: 0.355ms
	Scan: 69.646ms
	OnSourceAssetsModified: 0.693ms
	CategorizeAssetsWithTransientArtifact: 45.930ms
	ProcessAssetsWithTransientArtifactChanges: 34.952ms
	CategorizeAssets: 8.957ms
	ImportOutOfDateAssets: 702.370ms (-2451.519ms without children)
		CompileScripts: 3152.755ms
		ReloadNativeAssets: 0.000ms
		UnloadImportedAssets: 0.830ms
		EnsureUptoDateAssetsAreRegisteredWithGuidPM: 0.145ms
		InitializingProgressBar: 0.000ms
		PostProcessAllAssetNotificationsAddChangedAssets: 0.000ms
		OnDemandSchedulerStart: 0.159ms
	PostProcessAllAssets: 213.212ms
	Hotreload: 3.223ms
	GatherAllCurrentPrimaryArtifactRevisions: 0.003ms
	UnloadStreamsBegin: 0.273ms
	PersistCurrentRevisions: 0.025ms
	UnloadStreamsEnd: 0.001ms
	GenerateScriptTypeHashes: 0.765ms
	Untracked: 5073.473ms

Application.AssetDatabase Initial Refresh End
Scanning for USB devices : 17.621ms
Initializing Unity extensions:
[Licensing::Client] Successfully resolved entitlements
[MODES] ModeService[none].Initialize
[MODES] ModeService[none].LoadModes
[MODES] Loading mode Default (0) for mode-current-id-MapleUnity
Unloading 3 Unused Serialized files (Serialized files now loaded: 0)
Unloading 3421 unused Assets / (1.6 MB). Loaded Objects now: 4023.
Memory consumption went from 132.8 MB to 131.2 MB.
Total: 8.390300 ms (FindLiveObjects: 0.373700 ms CreateObjectMapping: 0.411600 ms MarkObjects: 6.511000 ms  DeleteObjects: 1.093200 ms)

=== DEBUG ATTACHMENT DATA ===
UnityEngine.Debug:ExtractStackTraceNoAlloc (byte*,int,string)
UnityEngine.StackTraceUtility:ExtractStackTrace ()
UnityEngine.DebugLogHandler:Internal_Log (UnityEngine.LogType,UnityEngine.LogOption,string,UnityEngine.Object)
UnityEngine.DebugLogHandler:LogFormat (UnityEngine.LogType,UnityEngine.Object,string,object[])
UnityEngine.Logger:Log (UnityEngine.LogType,object)
UnityEngine.Debug:Log (object)
DebugAttachmentData:DebugData () (at Assets/Scripts/Editor/DebugAttachmentData.cs:11)

(Filename: Assets/Scripts/Editor/DebugAttachmentData.cs Line: 11)

Character NX file not found
UnityEngine.Debug:ExtractStackTraceNoAlloc (byte*,int,string)
UnityEngine.StackTraceUtility:ExtractStackTrace ()
UnityEngine.DebugLogHandler:Internal_Log (UnityEngine.LogType,UnityEngine.LogOption,string,UnityEngine.Object)
UnityEngine.DebugLogHandler:LogFormat (UnityEngine.LogType,UnityEngine.Object,string,object[])
UnityEngine.Logger:Log (UnityEngine.LogType,object)
UnityEngine.Debug:LogError (object)
DebugAttachmentData:DebugData () (at Assets/Scripts/Editor/DebugAttachmentData.cs:16)

(Filename: Assets/Scripts/Editor/DebugAttachmentData.cs Line: 16)

Batchmode quit successfully invoked - shutting down!
Curl error 42: Callback aborted
[Licensing::IpcConnector] License Notification channel disconnected successfully.
[Licensing::IpcConnector] License Client channel disconnected successfully.
AcceleratorClientConnectionCallback - disconnected - :0
Shut down.
Cleanup mono
abort_threads: Failed aborting id: 0000000000015D38, mono_thread_manage will ignore it

abort_threads: Failed aborting id: 0000000000012C2C, mono_thread_manage will ignore it

abort_threads: Failed aborting id: 0000000000015D38, mono_thread_manage will ignore it

abort_threads: Failed aborting id: 0000000000012C2C, mono_thread_manage will ignore it

debugger-agent: Unable to listen on 3304
[Performance] WinEditorMain                                                                                                  :        1 samples, Peak.  2.91 s (1.0x), Avg.  2.91 s, Total. 2.908 s (26.7%)
[Performance] WinEditorMain.ConfigureCrashHandler                                                                            :        1 samples, Peak.  19.9 us (1.0x), Avg.  19.9 us, Total. 19.90 us (0.0%)
[Performance] WinEditorMain.CurlRequestInitialize                                                                            :        1 samples, Peak.   925 us (1.0x), Avg.   925 us, Total. 925.1 us (0.0%)
[Performance] WinEditorMain.SetupLogFile                                                                                     :        1 samples, Peak.   332 us (1.0x), Avg.   332 us, Total. 332.3 us (0.0%)
[Performance] WinEditorMain.RunNativeTestsIfRequiredAndExit                                                                  :        1 samples, Peak.   100 ns (1.0x), Avg.   100 ns, Total. 100.0 ns (0.0%)
[Performance] WinEditorMain.Licensing                                                                                        :        1 samples, Peak.  2.89 s (1.0x), Avg.  2.89 s, Total. 2.889 s (26.5%)
[Performance] WinEditorMain.InitializeCrashHandler                                                                           :        1 samples, Peak.  15.9 ms (1.0x), Avg.  15.9 ms, Total. 15.89 ms (0.1%)
[Performance] WinEditorMain.CreateApplication                                                                                :        1 samples, Peak.   242 us (1.0x), Avg.   242 us, Total. 241.6 us (0.0%)
[Performance] Application.InitializeProject                                                                                  :        1 samples, Peak.  7.69 s (1.0x), Avg.  7.69 s, Total. 7.687 s (70.6%)
[Performance] Application.PackageManager.StartServer                                                                         :        1 samples, Peak.  1.85 ms (1.0x), Avg.  1.85 ms, Total. 1.854 ms (0.0%)
[Performance] Application.AcquireProjectLock                                                                                 :        1 samples, Peak.  5.90 ms (1.0x), Avg.  5.90 ms, Total. 5.904 ms (0.1%)
[Performance] Application.InitializeEngineNoGraphics                                                                         :        1 samples, Peak.  45.5 ms (1.0x), Avg.  45.5 ms, Total. 45.49 ms (0.4%)
[Performance] Application.PackageManager.Initialize                                                                          :        1 samples, Peak.   320 ms (1.0x), Avg.   320 ms, Total. 320.1 ms (2.9%)
[Performance] Connecting to Package Manager                                                                                  :       33 samples, Peak.  59.6 us (22.1x), Avg.  2.69 us, Total. 88.80 us (0.0%)
[Performance] Application.EngineGraphics.Initialize                                                                          :        1 samples, Peak.  20.2 ms (1.0x), Avg.  20.2 ms, Total. 20.17 ms (0.2%)
[Performance] Application.GI.Initialize                                                                                      :        1 samples, Peak.  2.67 ms (1.0x), Avg.  2.67 ms, Total. 2.667 ms (0.0%)
[Performance] Application.LoadAllDefaultResourcesFromEditor                                                                  :        1 samples, Peak.  1.36 ms (1.0x), Avg.  1.36 ms, Total. 1.355 ms (0.0%)
[Performance] Application.LoadMonoAssemblies                                                                                 :        1 samples, Peak.   585 ms (1.0x), Avg.   585 ms, Total. 585.4 ms (5.4%)
[Performance] RestoreManagedReferences                                                                                       :        2 samples, Peak.  45.4 ms (2.0x), Avg.  22.7 ms, Total. 45.39 ms (0.4%)
[Performance] AssemblyReloadEvents.afterAssemblyReload: UnityEditor.SceneTemplate.SceneTemplateService.AfterAssemblyReload   :        2 samples, Peak.  4.42 ms (1.8x), Avg.  2.52 ms, Total. 5.035 ms (0.0%)
[Performance] ProcessService.EditorAfterLoadAllAssemblies                                                                    :        2 samples, Peak.   317 us (1.2x), Avg.   273 us, Total. 545.1 us (0.0%)
[Performance] Application.ReadLicenseInfo                                                                                    :        1 samples, Peak.  12.3 ms (1.0x), Avg.  12.3 ms, Total. 12.33 ms (0.1%)
[Performance] Application.InitialRefresh                                                                                     :        1 samples, Peak.  6.16 s (1.0x), Avg.  6.16 s, Total. 6.156 s (56.5%)
[Performance] AssetDatabase.InitialRefresh                                                                                   :        1 samples, Peak.  6.15 s (1.0x), Avg.  6.15 s, Total. 6.154 s (56.5%)
[Performance] BuilderAssetModificationProcessor.OnWillCreateAsset                                                            :        2 samples, Peak.   523 us (1.9x), Avg.   273 us, Total. 546.5 us (0.0%)
[Performance] ShaderImporter.SourceAssetModified                                                                             :        1 samples, Peak.   400 ns (1.0x), Avg.   400 ns, Total. 400.0 ns (0.0%)
[Performance] ShaderIncludeImporter.SourceAssetModified                                                                      :        1 samples, Peak.   900 ns (1.0x), Avg.   900 ns, Total. 900.0 ns (0.0%)
[Performance] Compiling Scripts                                                                                              :        1 samples, Peak.  3.15 s (1.0x), Avg.  3.15 s, Total. 3.151 s (28.9%)
[Performance] AssemblyReloadEvents.beforeAssemblyReload: UnityEditor.SceneTemplate.SceneTemplateService.BeforeAssemblyReload :        1 samples, Peak.   703 us (1.0x), Avg.   703 us, Total. 702.7 us (0.0%)
[Performance] EditorResources.Load                                                                                           :       13 samples, Peak.  39.8 ms (12.9x), Avg.  3.09 ms, Total. 40.16 ms (0.4%)
[Performance] DidReloadScriptsTestListCache.ScriptReloaded                                                                   :        1 samples, Peak.   834 us (1.0x), Avg.   834 us, Total. 834.3 us (0.0%)
[Performance] DidReloadScriptsTestRunnerWindow.CompilationCallback                                                           :        1 samples, Peak.  1.43 ms (1.0x), Avg.  1.43 ms, Total. 1.435 ms (0.0%)
[Performance] DidReloadScriptsAdvancedDropdownWindow.OnScriptReload                                                          :        1 samples, Peak.   228 us (1.0x), Avg.   228 us, Total. 227.5 us (0.0%)
[Performance] DidReloadScriptsEditorMenuExtensions.FindAndCloseAllContextMenus                                               :        1 samples, Peak.  2.24 ms (1.0x), Avg.  2.24 ms, Total. 2.241 ms (0.0%)
[Performance] AssetDatabase.ImportAssets                                                                                     :        3 samples, Peak.  1.60 us (2.1x), Avg.   767 ns, Total. 2.300 us (0.0%)
[Performance] VersionControl.Task.Wait                                                                                       :        1 samples, Peak.  9.30 us (1.0x), Avg.  9.30 us, Total. 9.300 us (0.0%)
[Performance] TMPro_TexturePostProcessor.OnPostprocessAllAssets                                                              :        2 samples, Peak.   371 us (1.2x), Avg.   310 us, Total. 619.1 us (0.0%)
[Performance] WindowAssetPostprocessingWatcher_Internal.OnPostprocessAllAssets                                               :        2 samples, Peak.  1.66 ms (1.0x), Avg.  1.65 ms, Total. 3.308 ms (0.0%)
[Performance] AssetPostprocessor.OnPostprocessAllAssets                                                                      :        2 samples, Peak.   208 us (1.0x), Avg.   207 us, Total. 414.4 us (0.0%)
[Performance] BuilderAssetPostprocessor.OnPostprocessAllAssets                                                               :        2 samples, Peak.  4.05 ms (1.0x), Avg.  4.05 ms, Total. 8.097 ms (0.1%)
[Performance] ArtifactBrowserPostProcessor.OnPostprocessAllAssets                                                            :        2 samples, Peak.   491 us (1.0x), Avg.   489 us, Total. 978.6 us (0.0%)
[Performance] AssetEvents.OnPostprocessAllAssets                                                                             :        4 samples, Peak.   220 us (1.6x), Avg.   137 us, Total. 548.5 us (0.0%)
[Performance] AudioContainerPostProcessor.OnPostprocessAllAssets                                                             :        2 samples, Peak.  77.0 us (1.0x), Avg.  75.4 us, Total. 150.8 us (0.0%)
[Performance] AudioMixerPostprocessor.OnPostprocessAllAssets                                                                 :        2 samples, Peak.   250 us (1.0x), Avg.   249 us, Total. 498.0 us (0.0%)
[Performance] StyleCatalogPostProcessor.OnPostprocessAllAssets                                                               :        2 samples, Peak.  12.9 ms (1.0x), Avg.  12.9 ms, Total. 25.86 ms (0.2%)
[Performance] BuildCatalog                                                                                                   :        1 samples, Peak.  11.8 ms (1.0x), Avg.  11.8 ms, Total. 11.81 ms (0.1%)
[Performance] ModelImporterPostProcessor.OnPostprocessAllAssets                                                              :        2 samples, Peak.  1.56 ms (1.0x), Avg.  1.56 ms, Total. 3.117 ms (0.0%)
[Performance] AssetDatabaseProxy.OnPostprocessAllAssets                                                                      :        2 samples, Peak.  52.0 ms (1.0x), Avg.  52.0 ms, Total. 103.9 ms (1.0%)
[Performance] RetainedModeAssetPostprocessor.OnPostprocessAllAssets                                                          :        2 samples, Peak.  2.17 ms (1.0x), Avg.  2.17 ms, Total. 4.335 ms (0.0%)
[Performance] AssetChangedListener.OnPostprocessAllAssets                                                                    :        2 samples, Peak.  1.49 ms (1.0x), Avg.  1.49 ms, Total. 2.971 ms (0.0%)
[Performance] SpeedTreePostProcessor.OnPostprocessAllAssets                                                                  :        2 samples, Peak.   134 us (1.0x), Avg.   133 us, Total. 266.6 us (0.0%)
[Performance] TerrainToolbarOverlayPostProcessor.OnPostprocessAllAssets                                                      :        2 samples, Peak.   316 us (1.0x), Avg.   311 us, Total. 622.8 us (0.0%)
[Performance] TextAssetPostProcessor.OnPostprocessAllAssets                                                                  :        2 samples, Peak.   559 us (1.0x), Avg.   558 us, Total. 1.115 ms (0.0%)
[Performance] SyncVS.PostprocessSyncProject                                                                                  :        1 samples, Peak.   125 ms (1.0x), Avg.   125 ms, Total. 124.7 ms (1.1%)
[Performance] EditorApplication.projectChanged: UnityEditor.Audio.MixerEffectDefinitionReloader.OnProjectChanged             :        1 samples, Peak.   352 us (1.0x), Avg.   352 us, Total. 351.6 us (0.0%)
[Performance] Application.ImportPackagesAndSetTemplateWhenCreatingProject                                                    :        1 samples, Peak.  10.9 ms (1.0x), Avg.  10.9 ms, Total. 10.86 ms (0.1%)
[Performance] Application.SyncCurrentColorSpace                                                                              :        1 samples, Peak.  5.89 ms (1.0x), Avg.  5.89 ms, Total. 5.891 ms (0.1%)
[Performance] Application.OnUsbDevicesChanged                                                                                :        1 samples, Peak.  17.7 ms (1.0x), Avg.  17.7 ms, Total. 17.68 ms (0.2%)
[Performance] Application.AssetInstanceCacheUpdate                                                                           :        1 samples, Peak.   500 ns (1.0x), Avg.   500 ns, Total. 500.0 ns (0.0%)
[Performance] Application.UnityExtensions.Initialize                                                                         :        1 samples, Peak.  6.65 ms (1.0x), Avg.  6.65 ms, Total. 6.654 ms (0.1%)
[Performance] CodeEditorProjectSync.SyncEditorProject                                                                        :        1 samples, Peak.  70.3 ms (1.0x), Avg.  70.3 ms, Total. 70.29 ms (0.6%)
[Performance] Application.ExecuteStartups                                                                                    :        1 samples, Peak.  21.7 ms (1.0x), Avg.  21.7 ms, Total. 21.72 ms (0.2%)
[Performance] Menu.RegisterMenuInterface                                                                                     :       26 samples, Peak.  1.90 us (9.5x), Avg.   200 ns, Total. 5.200 us (0.0%)
[Performance] Gizmo.RebuildRenderers                                                                                         :        1 samples, Peak.  20.9 ms (1.0x), Avg.  20.9 ms, Total. 20.93 ms (0.2%)
[Performance] Gizmo.AddGizmoRenderers                                                                                        :       86 samples, Peak.  1.09 ms (54.3x), Avg.  20.1 us, Total. 1.726 ms (0.0%)
[Performance] Application.editorInitializingProject                                                                          :        1 samples, Peak.   218 ms (1.0x), Avg.   218 ms, Total. 218.0 ms (2.0%)
[Performance] Application.InitializeMenu                                                                                     :        1 samples, Peak.  47.5 ms (1.0x), Avg.  47.5 ms, Total. 47.48 ms (0.4%)
[Performance] Menu.RebuildAll                                                                                                :        1 samples, Peak.  47.4 ms (1.0x), Avg.  47.4 ms, Total. 47.44 ms (0.4%)
[Performance] Menu.BuildRegisteredMenuInterfaces                                                                             :        1 samples, Peak.  43.4 ms (1.0x), Avg.  43.4 ms, Total. 43.37 ms (0.4%)
[Performance] Menu.FilterMenuItem                                                                                            :      713 samples, Peak.  12.3 ms (703.3x), Avg.  17.4 us, Total. 12.43 ms (0.1%)
[Performance] UpdateAllMenus                                                                                                 :        1 samples, Peak.   465 us (1.0x), Avg.   465 us, Total. 465.0 us (0.0%)
[Performance] Menu.RebuildOSMainMenu                                                                                         :        2 samples, Peak.  2.39 ms (1.0x), Avg.  2.30 ms, Total. 4.594 ms (0.0%)
[Performance] EditorSceneManager.sceneClosing: UnityEditor.SceneVisibilityManager.EditorSceneManagerOnSceneClosing           :        1 samples, Peak.   236 us (1.0x), Avg.   236 us, Total. 236.4 us (0.0%)
[Performance] GUIView.RepaintAll.PlayerLoopController                                                                        :        1 samples, Peak.  1.30 us (1.0x), Avg.  1.30 us, Total. 1.300 us (0.0%)
[Performance] EditorSceneManager.newSceneCreated: UnityEditor.SceneTemplate.SceneTemplateService.OnNewSceneCreated           :        1 samples, Peak.   227 us (1.0x), Avg.   227 us, Total. 227.1 us (0.0%)
[Performance] EditorSceneManager.newSceneCreated: UnityEditor.SceneVisibilityManager.EditorSceneManagerOnNewSceneCreated     :        1 samples, Peak.   662 us (1.0x), Avg.   662 us, Total. 662.4 us (0.0%)
[Performance] EditorSceneManager.newSceneCreated: UnityEditor.SceneManagement.StageNavigationManager.OnNewSceneCreated       :        1 samples, Peak.  62.7 us (1.0x), Avg.  62.7 us, Total. 62.70 us (0.0%)
[Performance] Application.InvokeFinishedLoadingProject                                                                       :        1 samples, Peak.  8.11 ms (1.0x), Avg.  8.11 ms, Total. 8.107 ms (0.1%)
[Performance] ProcessService.OnProjectLoaded                                                                                 :        1 samples, Peak.  49.7 us (1.0x), Avg.  49.7 us, Total. 49.70 us (0.0%)
[Performance] EditorApplication.quitting: UnityEditor.SettingsManagement.FileSettingsRepository.Save                         :        1 samples, Peak.  1.18 ms (1.0x), Avg.  1.18 ms, Total. 1.179 ms (0.0%)
[Performance] EditorApplication.quitting: callback in TMPro.EditorEventCallbacks                                             :        1 samples, Peak.  5.70 ms (1.0x), Avg.  5.70 ms, Total. 5.701 ms (0.1%)
[Performance] EditorApplication.quitting: callback in UnityEditor.TextCore.Text.EditorEventCallbacks                         :        1 samples, Peak.  3.40 ms (1.0x), Avg.  3.40 ms, Total. 3.397 ms (0.0%)
[Performance] Application.Shutdown.PauseProfilerSession                                                                      :        1 samples, Peak.  28.7 us (1.0x), Avg.  28.7 us, Total. 28.70 us (0.0%)
[Performance] Application.Shutdown.PauseAssetImportWorkers                                                                   :        1 samples, Peak.  72.0 us (1.0x), Avg.  72.0 us, Total. 72.00 us (0.0%)
[Performance] Application.Shutdown.SaveAssets                                                                                :        1 samples, Peak.  7.60 ms (1.0x), Avg.  7.60 ms, Total. 7.602 ms (0.1%)
[Performance] StateMacroSavedEvent.OnWillSaveAssets                                                                          :        1 samples, Peak.   158 us (1.0x), Avg.   158 us, Total. 158.4 us (0.0%)
[Performance] FlowMacroSavedEvent.OnWillSaveAssets                                                                           :        1 samples, Peak.   127 us (1.0x), Avg.   127 us, Total. 126.8 us (0.0%)
[Performance] AssetModificationProcessor.OnWillSaveAssets                                                                    :        1 samples, Peak.   265 us (1.0x), Avg.   265 us, Total. 265.0 us (0.0%)
[Performance] BuilderAssetModificationProcessor.OnWillSaveAssets                                                             :        1 samples, Peak.   324 us (1.0x), Avg.   324 us, Total. 324.4 us (0.0%)
[Performance] TerrainModificationProcessor.OnWillSaveAssets                                                                  :        1 samples, Peak.   596 us (1.0x), Avg.   596 us, Total. 596.4 us (0.0%)
[Performance] AudioContainerModificationProcessor.OnWillSaveAssets                                                           :        1 samples, Peak.  63.2 us (1.0x), Avg.  63.2 us, Total. 63.20 us (0.0%)
[Performance] Application.Shutdown.CleanupRenderPipeline                                                                     :        1 samples, Peak.  6.80 us (1.0x), Avg.  6.80 us, Total. 6.800 us (0.0%)
[Performance] Application.Shutdown.StopPreloadManager                                                                        :        1 samples, Peak.  10.1 ms (1.0x), Avg.  10.1 ms, Total. 10.12 ms (0.1%)
[Performance] Application.Shutdown.DestroyWorld                                                                              :        1 samples, Peak.   431 us (1.0x), Avg.   431 us, Total. 431.2 us (0.0%)
[Performance] Application.Shutdown.CleanupAfterLoad                                                                          :        1 samples, Peak.  4.25 ms (1.0x), Avg.  4.25 ms, Total. 4.251 ms (0.0%)
[Performance] Application.Shutdown.Progress                                                                                  :        1 samples, Peak.  6.00 us (1.0x), Avg.  6.00 us, Total. 6.000 us (0.0%)
[Performance] Application.Shutdown.GICleanupManagers                                                                         :        1 samples, Peak.   871 us (1.0x), Avg.   871 us, Total. 871.1 us (0.0%)
[Performance] Application.Shutdown.MenuCleanupClass                                                                          :        1 samples, Peak.   159 us (1.0x), Avg.   159 us, Total. 158.9 us (0.0%)
[Performance] Application.Shutdown.ADBSaveStateBeforeShutdown                                                                :        1 samples, Peak.  8.40 us (1.0x), Avg.  8.40 us, Total. 8.400 us (0.0%)
[Performance] Application.Shutdown.RemoteShutdown                                                                            :        1 samples, Peak.   800 ns (1.0x), Avg.   800 ns, Total. 800.0 ns (0.0%)
[Performance] Application.Shutdown.CleanupVCProvider                                                                         :        1 samples, Peak.  8.40 us (1.0x), Avg.  8.40 us, Total. 8.400 us (0.0%)
[Performance] Application.Shutdown.InputShutdown                                                                             :        1 samples, Peak.   300 ns (1.0x), Avg.   300 ns, Total. 300.0 ns (0.0%)
[Performance] Application.Shutdown.GizmoManagerDestroy                                                                       :        1 samples, Peak.   621 us (1.0x), Avg.   621 us, Total. 621.3 us (0.0%)
[Performance] Application.Shutdown.ProfilerSession                                                                           :        1 samples, Peak.   195 us (1.0x), Avg.   195 us, Total. 194.8 us (0.0%)
[Performance] Application.Shutdown.ReleaseGfxWindowOnAllGUIViews                                                             :        1 samples, Peak.   300 ns (1.0x), Avg.   300 ns, Total. 300.0 ns (0.0%)
[Performance] Application.Shutdown.CleanupEngine                                                                             :        1 samples, Peak.  51.0 ms (1.0x), Avg.  51.0 ms, Total. 50.97 ms (0.5%)
[Performance] Application.Shutdown.CleanupAssetDatabase                                                                      :        1 samples, Peak.  5.48 ms (1.0x), Avg.  5.48 ms, Total. 5.480 ms (0.1%)
[Performance] Application.Shutdown.ScriptCompilationCleanUp                                                                  :        1 samples, Peak.  28.4 ms (1.0x), Avg.  28.4 ms, Total. 28.40 ms (0.3%)
[Performance] Application.Shutdown.DestroyJobSystem                                                                          :        1 samples, Peak.  89.2 us (1.0x), Avg.  89.2 us, Total. 89.20 us (0.0%)
[Performance] Application.Shutdown.CleanupPersistentManager                                                                  :        1 samples, Peak.   764 us (1.0x), Avg.   764 us, Total. 764.5 us (0.0%)
[Performance] Application.Shutdown.CleanupAsyncReadManager                                                                   :        1 samples, Peak.   226 us (1.0x), Avg.   226 us, Total. 226.3 us (0.0%)
[Performance] Application.Shutdown.CleanupProgressBar                                                                        :        1 samples, Peak.   300 ns (1.0x), Avg.   300 ns, Total. 300.0 ns (0.0%)
[Performance] Application.Shutdown.CleanupMono                                                                               :        1 samples, Peak.  60.6 ms (1.0x), Avg.  60.6 ms, Total. 60.56 ms (0.6%)
[Performance] Application.Shutdown.CleanupStdConverters                                                                      :        1 samples, Peak.  8.30 us (1.0x), Avg.  8.30 us, Total. 8.300 us (0.0%)
[Performance] Application.Shutdown.UnloadAllPlatformSupportModuleNativeDlls                                                  :        1 samples, Peak.   500 ns (1.0x), Avg.   500 ns, Total. 500.0 ns (0.0%)
[Performance] Application.Shutdown.UnloadAllPlatformSupportNativeLibraries                                                   :        1 samples, Peak. 100.0 ns (1.0x), Avg. 100.0 ns, Total. 100.00 ns (0.0%)
[Performance] Application.Shutdown.CleanupAutoDocumentation                                                                  :        1 samples, Peak.   438 us (1.0x), Avg.   438 us, Total. 438.2 us (0.0%)
[Performance] Application.Shutdown.ShaderNameManagerDestroy                                                                  :        1 samples, Peak.  75.6 us (1.0x), Avg.  75.6 us, Total. 75.60 us (0.0%)
[Performance] Application.Shutdown.CleanupCacheServer                                                                        :        1 samples, Peak.   300 ns (1.0x), Avg.   300 ns, Total. 300.0 ns (0.0%)
[Performance] Application.Shutdown.Virtualization_Shutdown                                                                   :        1 samples, Peak.   300 ns (1.0x), Avg.   300 ns, Total. 300.0 ns (0.0%)
[Performance] Application.Shutdown.DevConnections                                                                            :        1 samples, Peak.   141 us (1.0x), Avg.   141 us, Total. 141.5 us (0.0%)
Exiting batchmode successfully now!
Exiting without the bug reporter. Application will terminate with return code 0